<?xml version="1.0" encoding="UTF-8"?>
<!-- Generated by org.testng.reporters.JUnitReportReporter -->
<testsuite hostname="DESKTOP-3EITVAF" failures="0" tests="1" name="EndToEndScenarios.AddProjectThroughApiValidateInReactAppAndVaidateInDataBaseTest" time="5.650" errors="0" timestamp="2022-11-15T20:01:35 IST" skipped="0">
  <testcase classname="EndToEndScenarios.AddProjectThroughApiValidateInReactAppAndVaidateInDataBaseTest" name="addProjetThroughAPI" time="5.650"/>
  <system-out/>
</testsuite> <!-- EndToEndScenarios.AddProjectThroughApiValidateInReactAppAndVaidateInDataBaseTest -->
