<?xml version="1.0" encoding="UTF-8"?>
<!-- Generated by org.testng.reporters.JUnitReportReporter -->
<testsuite hostname="DESKTOP-3EITVAF" failures="0" tests="1" name="EndToEndScenarios.CreateDataInDataBaseValidateThroughApiAndDeleteInGui" time="8.321" errors="0" timestamp="2022-11-15T20:06:07 IST" skipped="0">
  <testcase classname="EndToEndScenarios.CreateDataInDataBaseValidateThroughApiAndDeleteInGui" name="test" time="8.321"/>
  <system-out/>
</testsuite> <!-- EndToEndScenarios.CreateDataInDataBaseValidateThroughApiAndDeleteInGui -->
