<?xml version="1.0" encoding="UTF-8"?>
<!-- Generated by org.testng.reporters.JUnitReportReporter -->
<testsuite hostname="DESKTOP-3EITVAF" failures="0" tests="1" name="EndToEndScenarios.CreateProjectInReactDeleteInApiAndVerifyInDataBaseTest" time="3.558" errors="0" timestamp="2022-11-15T20:27:37 IST" skipped="0">
  <testcase classname="EndToEndScenarios.CreateProjectInReactDeleteInApiAndVerifyInDataBaseTest" name="test" time="3.558"/>
  <system-out/>
</testsuite> <!-- EndToEndScenarios.CreateProjectInReactDeleteInApiAndVerifyInDataBaseTest -->
